Determining if the pthread_create exist failed with the following output:
Change Dir: /home/trevin/Documents/WildcatRacing/catkin_ws/build/CMakeFiles/CMakeTmp

Run Build Command:"/usr/bin/make" "cmTC_c44aa/fast"
/usr/bin/make -f CMakeFiles/cmTC_c44aa.dir/build.make CMakeFiles/cmTC_c44aa.dir/build
make[1]: Entering directory '/home/trevin/Documents/WildcatRacing/catkin_ws/build/CMakeFiles/CMakeTmp'
Building C object CMakeFiles/cmTC_c44aa.dir/CheckSymbolExists.c.o
/usr/bin/cc    -o CMakeFiles/cmTC_c44aa.dir/CheckSymbolExists.c.o   -c /home/trevin/Documents/WildcatRacing/catkin_ws/build/CMakeFiles/CMakeTmp/CheckSymbolExists.c
Linking C executable cmTC_c44aa
/usr/bin/cmake -E cmake_link_script CMakeFiles/cmTC_c44aa.dir/link.txt --verbose=1
/usr/bin/cc      -rdynamic CMakeFiles/cmTC_c44aa.dir/CheckSymbolExists.c.o  -o cmTC_c44aa 
CMakeFiles/cmTC_c44aa.dir/CheckSymbolExists.c.o: In function `main':
CheckSymbolExists.c:(.text+0x1b): undefined reference to `pthread_create'
collect2: error: ld returned 1 exit status
CMakeFiles/cmTC_c44aa.dir/build.make:97: recipe for target 'cmTC_c44aa' failed
make[1]: *** [cmTC_c44aa] Error 1
make[1]: Leaving directory '/home/trevin/Documents/WildcatRacing/catkin_ws/build/CMakeFiles/CMakeTmp'
Makefile:126: recipe for target 'cmTC_c44aa/fast' failed
make: *** [cmTC_c44aa/fast] Error 2

File /home/trevin/Documents/WildcatRacing/catkin_ws/build/CMakeFiles/CMakeTmp/CheckSymbolExists.c:
/* */
#include <pthread.h>

int main(int argc, char** argv)
{
  (void)argv;
#ifndef pthread_create
  return ((int*)(&pthread_create))[argc];
#else
  (void)argc;
  return 0;
#endif
}

Determining if the function pthread_create exists in the pthreads failed with the following output:
Change Dir: /home/trevin/Documents/WildcatRacing/catkin_ws/build/CMakeFiles/CMakeTmp

Run Build Command:"/usr/bin/make" "cmTC_057fa/fast"
/usr/bin/make -f CMakeFiles/cmTC_057fa.dir/build.make CMakeFiles/cmTC_057fa.dir/build
make[1]: Entering directory '/home/trevin/Documents/WildcatRacing/catkin_ws/build/CMakeFiles/CMakeTmp'
Building C object CMakeFiles/cmTC_057fa.dir/CheckFunctionExists.c.o
/usr/bin/cc   -DCHECK_FUNCTION_EXISTS=pthread_create   -o CMakeFiles/cmTC_057fa.dir/CheckFunctionExists.c.o   -c /usr/share/cmake-3.10/Modules/CheckFunctionExists.c
Linking C executable cmTC_057fa
/usr/bin/cmake -E cmake_link_script CMakeFiles/cmTC_057fa.dir/link.txt --verbose=1
/usr/bin/cc  -DCHECK_FUNCTION_EXISTS=pthread_create    -rdynamic CMakeFiles/cmTC_057fa.dir/CheckFunctionExists.c.o  -o cmTC_057fa -lpthreads 
/usr/bin/ld: cannot find -lpthreads
collect2: error: ld returned 1 exit status
CMakeFiles/cmTC_057fa.dir/build.make:97: recipe for target 'cmTC_057fa' failed
make[1]: *** [cmTC_057fa] Error 1
make[1]: Leaving directory '/home/trevin/Documents/WildcatRacing/catkin_ws/build/CMakeFiles/CMakeTmp'
Makefile:126: recipe for target 'cmTC_057fa/fast' failed
make: *** [cmTC_057fa/fast] Error 2


